{"/Users/andreas/dbwebb-kurser/jsramverk/editor/jsramverk-editor-backend/app.js": {"path":"/Users/andreas/dbwebb-kurser/jsramverk/editor/jsramverk-editor-backend/app.js","statementMap":{"0":{"start":{"line":1,"column":16},"end":{"line":1,"column":34}},"1":{"start":{"line":2,"column":15},"end":{"line":2,"column":32}},"2":{"start":{"line":3,"column":13},"end":{"line":3,"column":28}},"3":{"start":{"line":4,"column":12},"end":{"line":4,"column":35}},"4":{"start":{"line":5,"column":0},"end":{"line":5,"column":27}},"5":{"start":{"line":8,"column":25},"end":{"line":8,"column":51}},"6":{"start":{"line":9,"column":26},"end":{"line":9,"column":44}},"7":{"start":{"line":10,"column":15},"end":{"line":10,"column":19}},"8":{"start":{"line":11,"column":22},"end":{"line":11,"column":50}},"9":{"start":{"line":12,"column":15},"end":{"line":14,"column":2}},"10":{"start":{"line":18,"column":12},"end":{"line":18,"column":21}},"11":{"start":{"line":19,"column":13},"end":{"line":19,"column":37}},"12":{"start":{"line":21,"column":0},"end":{"line":21,"column":24}},"13":{"start":{"line":22,"column":0},"end":{"line":22,"column":16}},"14":{"start":{"line":26,"column":13},"end":{"line":26,"column":37}},"15":{"start":{"line":27,"column":14},"end":{"line":27,"column":39}},"16":{"start":{"line":28,"column":13},"end":{"line":28,"column":37}},"17":{"start":{"line":29,"column":14},"end":{"line":29,"column":39}},"18":{"start":{"line":31,"column":0},"end":{"line":31,"column":20}},"19":{"start":{"line":32,"column":0},"end":{"line":32,"column":23}},"20":{"start":{"line":33,"column":0},"end":{"line":33,"column":23}},"21":{"start":{"line":34,"column":0},"end":{"line":34,"column":25}},"22":{"start":{"line":39,"column":31},"end":{"line":48,"column":1}},"23":{"start":{"line":40,"column":18},"end":{"line":40,"column":47}},"24":{"start":{"line":41,"column":4},"end":{"line":47,"column":6}},"25":{"start":{"line":42,"column":8},"end":{"line":46,"column":9}},"26":{"start":{"line":43,"column":12},"end":{"line":43,"column":26}},"27":{"start":{"line":45,"column":12},"end":{"line":45,"column":19}},"28":{"start":{"line":49,"column":0},"end":{"line":52,"column":4}},"29":{"start":{"line":56,"column":19},"end":{"line":56,"column":52}},"30":{"start":{"line":58,"column":11},"end":{"line":63,"column":2}},"31":{"start":{"line":68,"column":0},"end":{"line":81,"column":3}},"32":{"start":{"line":69,"column":4},"end":{"line":69,"column":52}},"33":{"start":{"line":70,"column":4},"end":{"line":80,"column":7}},"34":{"start":{"line":71,"column":8},"end":{"line":71,"column":32}},"35":{"start":{"line":72,"column":8},"end":{"line":72,"column":46}},"36":{"start":{"line":73,"column":8},"end":{"line":73,"column":36}},"37":{"start":{"line":74,"column":8},"end":{"line":74,"column":54}},"38":{"start":{"line":75,"column":8},"end":{"line":79,"column":17}},"39":{"start":{"line":76,"column":12},"end":{"line":76,"column":55}},"40":{"start":{"line":77,"column":12},"end":{"line":77,"column":47}},"41":{"start":{"line":78,"column":12},"end":{"line":78,"column":34}},"42":{"start":{"line":85,"column":0},"end":{"line":88,"column":1}},"43":{"start":{"line":87,"column":4},"end":{"line":87,"column":32}},"44":{"start":{"line":92,"column":15},"end":{"line":92,"column":98}},"45":{"start":{"line":92,"column":45},"end":{"line":92,"column":97}},"46":{"start":{"line":100,"column":0},"end":{"line":104,"column":3}},"47":{"start":{"line":101,"column":14},"end":{"line":101,"column":36}},"48":{"start":{"line":102,"column":4},"end":{"line":102,"column":21}},"49":{"start":{"line":103,"column":4},"end":{"line":103,"column":14}},"50":{"start":{"line":106,"column":0},"end":{"line":120,"column":3}},"51":{"start":{"line":107,"column":4},"end":{"line":109,"column":5}},"52":{"start":{"line":108,"column":8},"end":{"line":108,"column":25}},"53":{"start":{"line":111,"column":4},"end":{"line":119,"column":7}},"54":{"start":{"line":122,"column":0},"end":{"line":122,"column":24}}},"fnMap":{"0":{"name":"(anonymous_0)","decl":{"start":{"line":39,"column":31},"end":{"line":39,"column":32}},"loc":{"start":{"line":39,"column":51},"end":{"line":48,"column":1}},"line":39},"1":{"name":"(anonymous_1)","decl":{"start":{"line":41,"column":46},"end":{"line":41,"column":47}},"loc":{"start":{"line":41,"column":69},"end":{"line":47,"column":5}},"line":41},"2":{"name":"(anonymous_2)","decl":{"start":{"line":68,"column":20},"end":{"line":68,"column":21}},"loc":{"start":{"line":68,"column":32},"end":{"line":81,"column":1}},"line":68},"3":{"name":"(anonymous_3)","decl":{"start":{"line":70,"column":21},"end":{"line":70,"column":22}},"loc":{"start":{"line":70,"column":30},"end":{"line":80,"column":5}},"line":70},"4":{"name":"(anonymous_4)","decl":{"start":{"line":75,"column":35},"end":{"line":75,"column":36}},"loc":{"start":{"line":75,"column":46},"end":{"line":79,"column":9}},"line":75},"5":{"name":"(anonymous_5)","decl":{"start":{"line":92,"column":39},"end":{"line":92,"column":40}},"loc":{"start":{"line":92,"column":45},"end":{"line":92,"column":97}},"line":92},"6":{"name":"(anonymous_6)","decl":{"start":{"line":100,"column":8},"end":{"line":100,"column":9}},"loc":{"start":{"line":100,"column":28},"end":{"line":104,"column":1}},"line":100},"7":{"name":"(anonymous_7)","decl":{"start":{"line":106,"column":8},"end":{"line":106,"column":9}},"loc":{"start":{"line":106,"column":33},"end":{"line":120,"column":1}},"line":106}},"branchMap":{"0":{"loc":{"start":{"line":19,"column":13},"end":{"line":19,"column":37}},"type":"binary-expr","locations":[{"start":{"line":19,"column":13},"end":{"line":19,"column":29}},{"start":{"line":19,"column":33},"end":{"line":19,"column":37}}],"line":19},"1":{"loc":{"start":{"line":42,"column":8},"end":{"line":46,"column":9}},"type":"if","locations":[{"start":{"line":42,"column":8},"end":{"line":46,"column":9}},{"start":{"line":44,"column":15},"end":{"line":46,"column":9}}],"line":42},"2":{"loc":{"start":{"line":85,"column":0},"end":{"line":88,"column":1}},"type":"if","locations":[{"start":{"line":85,"column":0},"end":{"line":88,"column":1}},{"start":{},"end":{}}],"line":85},"3":{"loc":{"start":{"line":107,"column":4},"end":{"line":109,"column":5}},"type":"if","locations":[{"start":{"line":107,"column":4},"end":{"line":109,"column":5}},{"start":{},"end":{}}],"line":107},"4":{"loc":{"start":{"line":111,"column":15},"end":{"line":111,"column":32}},"type":"binary-expr","locations":[{"start":{"line":111,"column":15},"end":{"line":111,"column":25}},{"start":{"line":111,"column":29},"end":{"line":111,"column":32}}],"line":111}},"s":{"0":1,"1":1,"2":1,"3":1,"4":1,"5":1,"6":1,"7":1,"8":1,"9":1,"10":1,"11":1,"12":1,"13":1,"14":1,"15":1,"16":1,"17":1,"18":1,"19":1,"20":1,"21":1,"22":1,"23":1,"24":1,"25":1,"26":0,"27":1,"28":1,"29":1,"30":1,"31":1,"32":0,"33":0,"34":0,"35":0,"36":0,"37":0,"38":0,"39":0,"40":0,"41":0,"42":1,"43":0,"44":1,"45":1,"46":1,"47":0,"48":0,"49":0,"50":1,"51":0,"52":0,"53":0,"54":1},"f":{"0":1,"1":1,"2":0,"3":0,"4":0,"5":1,"6":0,"7":0},"b":{"0":[1,1],"1":[0,1],"2":[0,1],"3":[0,0],"4":[0,0]},"_coverageSchema":"1a1c01bbd47fc00a2c39e90264f33305004495a9","hash":"f3fcbcd79f6b6df3f3a2557ec6348058a6a4c0ef"}
,"/Users/andreas/dbwebb-kurser/jsramverk/editor/jsramverk-editor-backend/graphql/document.js": {"path":"/Users/andreas/dbwebb-kurser/jsramverk/editor/jsramverk-editor-backend/graphql/document.js","statementMap":{"0":{"start":{"line":7,"column":4},"end":{"line":7,"column":22}},"1":{"start":{"line":9,"column":21},"end":{"line":25,"column":2}},"2":{"start":{"line":12,"column":19},"end":{"line":24,"column":5}},"3":{"start":{"line":28,"column":20},"end":{"line":35,"column":2}},"4":{"start":{"line":31,"column":19},"end":{"line":34,"column":5}},"5":{"start":{"line":37,"column":0},"end":{"line":37,"column":30}}},"fnMap":{"0":{"name":"(anonymous_0)","decl":{"start":{"line":12,"column":12},"end":{"line":12,"column":13}},"loc":{"start":{"line":12,"column":19},"end":{"line":24,"column":5}},"line":12},"1":{"name":"(anonymous_1)","decl":{"start":{"line":31,"column":12},"end":{"line":31,"column":13}},"loc":{"start":{"line":31,"column":19},"end":{"line":34,"column":5}},"line":31}},"branchMap":{},"s":{"0":1,"1":1,"2":1,"3":1,"4":1,"5":1},"f":{"0":1,"1":1},"b":{},"_coverageSchema":"1a1c01bbd47fc00a2c39e90264f33305004495a9","hash":"45fec93438d22c1e9ca74d915e01aff50565c439"}
,"/Users/andreas/dbwebb-kurser/jsramverk/editor/jsramverk-editor-backend/graphql/root.js": {"path":"/Users/andreas/dbwebb-kurser/jsramverk/editor/jsramverk-editor-backend/graphql/root.js","statementMap":{"0":{"start":{"line":7,"column":4},"end":{"line":7,"column":22}},"1":{"start":{"line":9,"column":21},"end":{"line":9,"column":45}},"2":{"start":{"line":10,"column":17},"end":{"line":10,"column":37}},"3":{"start":{"line":12,"column":18},"end":{"line":12,"column":51}},"4":{"start":{"line":13,"column":14},"end":{"line":13,"column":43}},"5":{"start":{"line":15,"column":22},"end":{"line":81,"column":2}},"6":{"start":{"line":18,"column":19},"end":{"line":80,"column":5}},"7":{"start":{"line":27,"column":36},"end":{"line":27,"column":60}},"8":{"start":{"line":29,"column":16},"end":{"line":29,"column":92}},"9":{"start":{"line":29,"column":54},"end":{"line":29,"column":90}},"10":{"start":{"line":37,"column":16},"end":{"line":37,"column":48}},"11":{"start":{"line":48,"column":36},"end":{"line":48,"column":60}},"12":{"start":{"line":49,"column":40},"end":{"line":49,"column":42}},"13":{"start":{"line":50,"column":16},"end":{"line":54,"column":17}},"14":{"start":{"line":51,"column":20},"end":{"line":53,"column":21}},"15":{"start":{"line":52,"column":24},"end":{"line":52,"column":65}},"16":{"start":{"line":56,"column":16},"end":{"line":56,"column":41}},"17":{"start":{"line":67,"column":32},"end":{"line":67,"column":52}},"18":{"start":{"line":69,"column":16},"end":{"line":69,"column":76}},"19":{"start":{"line":69,"column":46},"end":{"line":69,"column":74}},"20":{"start":{"line":77,"column":16},"end":{"line":77,"column":44}},"21":{"start":{"line":83,"column":0},"end":{"line":83,"column":31}}},"fnMap":{"0":{"name":"(anonymous_0)","decl":{"start":{"line":18,"column":12},"end":{"line":18,"column":13}},"loc":{"start":{"line":18,"column":19},"end":{"line":80,"column":5}},"line":18},"1":{"name":"(anonymous_1)","decl":{"start":{"line":26,"column":21},"end":{"line":26,"column":22}},"loc":{"start":{"line":26,"column":50},"end":{"line":30,"column":13}},"line":26},"2":{"name":"(anonymous_2)","decl":{"start":{"line":29,"column":42},"end":{"line":29,"column":43}},"loc":{"start":{"line":29,"column":54},"end":{"line":29,"column":90}},"line":29},"3":{"name":"(anonymous_3)","decl":{"start":{"line":36,"column":21},"end":{"line":36,"column":22}},"loc":{"start":{"line":36,"column":38},"end":{"line":38,"column":13}},"line":36},"4":{"name":"(anonymous_4)","decl":{"start":{"line":47,"column":21},"end":{"line":47,"column":22}},"loc":{"start":{"line":47,"column":50},"end":{"line":57,"column":13}},"line":47},"5":{"name":"(anonymous_5)","decl":{"start":{"line":66,"column":21},"end":{"line":66,"column":22}},"loc":{"start":{"line":66,"column":50},"end":{"line":70,"column":13}},"line":66},"6":{"name":"(anonymous_6)","decl":{"start":{"line":69,"column":38},"end":{"line":69,"column":39}},"loc":{"start":{"line":69,"column":46},"end":{"line":69,"column":74}},"line":69},"7":{"name":"(anonymous_7)","decl":{"start":{"line":76,"column":21},"end":{"line":76,"column":22}},"loc":{"start":{"line":76,"column":38},"end":{"line":78,"column":13}},"line":76}},"branchMap":{"0":{"loc":{"start":{"line":51,"column":20},"end":{"line":53,"column":21}},"type":"if","locations":[{"start":{"line":51,"column":20},"end":{"line":53,"column":21}},{"start":{},"end":{}}],"line":51}},"s":{"0":1,"1":1,"2":1,"3":1,"4":1,"5":1,"6":1,"7":0,"8":0,"9":0,"10":1,"11":0,"12":0,"13":0,"14":0,"15":0,"16":0,"17":0,"18":0,"19":0,"20":0,"21":1},"f":{"0":1,"1":0,"2":0,"3":1,"4":0,"5":0,"6":0,"7":0},"b":{"0":[0,0]},"_coverageSchema":"1a1c01bbd47fc00a2c39e90264f33305004495a9","hash":"f73fa0920057c9bca65372af7ff3a54d32414508"}
,"/Users/andreas/dbwebb-kurser/jsramverk/editor/jsramverk-editor-backend/graphql/user.js": {"path":"/Users/andreas/dbwebb-kurser/jsramverk/editor/jsramverk-editor-backend/graphql/user.js","statementMap":{"0":{"start":{"line":5,"column":4},"end":{"line":5,"column":22}},"1":{"start":{"line":7,"column":17},"end":{"line":14,"column":2}},"2":{"start":{"line":10,"column":19},"end":{"line":13,"column":5}},"3":{"start":{"line":16,"column":0},"end":{"line":16,"column":26}}},"fnMap":{"0":{"name":"(anonymous_0)","decl":{"start":{"line":10,"column":12},"end":{"line":10,"column":13}},"loc":{"start":{"line":10,"column":19},"end":{"line":13,"column":5}},"line":10}},"branchMap":{},"s":{"0":1,"1":1,"2":1,"3":1},"f":{"0":1},"b":{},"_coverageSchema":"1a1c01bbd47fc00a2c39e90264f33305004495a9","hash":"f263452f6d320207eab30600c46ed3d3e295c652"}
,"/Users/andreas/dbwebb-kurser/jsramverk/editor/jsramverk-editor-backend/models/database.js": {"path":"/Users/andreas/dbwebb-kurser/jsramverk/editor/jsramverk-editor-backend/models/database.js","statementMap":{"0":{"start":{"line":1,"column":0},"end":{"line":1,"column":27}},"1":{"start":{"line":2,"column":17},"end":{"line":6,"column":1}},"2":{"start":{"line":8,"column":14},"end":{"line":8,"column":44}},"3":{"start":{"line":11,"column":17},"end":{"line":37,"column":1}},"4":{"start":{"line":13,"column":18},"end":{"line":13,"column":30}},"5":{"start":{"line":15,"column":8},"end":{"line":19,"column":9}},"6":{"start":{"line":16,"column":12},"end":{"line":16,"column":53}},"7":{"start":{"line":17,"column":15},"end":{"line":19,"column":9}},"8":{"start":{"line":18,"column":12},"end":{"line":18,"column":51}},"9":{"start":{"line":21,"column":24},"end":{"line":24,"column":10}},"10":{"start":{"line":26,"column":19},"end":{"line":26,"column":36}},"11":{"start":{"line":27,"column":31},"end":{"line":27,"column":75}},"12":{"start":{"line":28,"column":32},"end":{"line":28,"column":77}},"13":{"start":{"line":30,"column":8},"end":{"line":35,"column":10}},"14":{"start":{"line":39,"column":0},"end":{"line":39,"column":26}}},"fnMap":{"0":{"name":"getDb","decl":{"start":{"line":12,"column":26},"end":{"line":12,"column":31}},"loc":{"start":{"line":12,"column":35},"end":{"line":36,"column":5}},"line":12}},"branchMap":{"0":{"loc":{"start":{"line":15,"column":8},"end":{"line":19,"column":9}},"type":"if","locations":[{"start":{"line":15,"column":8},"end":{"line":19,"column":9}},{"start":{"line":17,"column":15},"end":{"line":19,"column":9}}],"line":15},"1":{"loc":{"start":{"line":17,"column":15},"end":{"line":19,"column":9}},"type":"if","locations":[{"start":{"line":17,"column":15},"end":{"line":19,"column":9}},{"start":{},"end":{}}],"line":17}},"s":{"0":1,"1":1,"2":1,"3":1,"4":11,"5":11,"6":0,"7":11,"8":11,"9":11,"10":11,"11":11,"12":11,"13":11,"14":1},"f":{"0":11},"b":{"0":[0,11],"1":[11,0]},"_coverageSchema":"1a1c01bbd47fc00a2c39e90264f33305004495a9","hash":"c04ba56f2ed5ac1dae163c5368b8a90f87a8b308"}
,"/Users/andreas/dbwebb-kurser/jsramverk/editor/jsramverk-editor-backend/models/documents.js": {"path":"/Users/andreas/dbwebb-kurser/jsramverk/editor/jsramverk-editor-backend/models/documents.js","statementMap":{"0":{"start":{"line":1,"column":17},"end":{"line":1,"column":41}},"1":{"start":{"line":2,"column":17},"end":{"line":2,"column":44}},"2":{"start":{"line":4,"column":18},"end":{"line":44,"column":1}},"3":{"start":{"line":8,"column":8},"end":{"line":26,"column":9}},"4":{"start":{"line":9,"column":12},"end":{"line":9,"column":40}},"5":{"start":{"line":11,"column":25},"end":{"line":11,"column":67}},"6":{"start":{"line":13,"column":12},"end":{"line":13,"column":26}},"7":{"start":{"line":16,"column":12},"end":{"line":23,"column":14}},"8":{"start":{"line":25,"column":12},"end":{"line":25,"column":36}},"9":{"start":{"line":30,"column":19},"end":{"line":30,"column":41}},"10":{"start":{"line":31,"column":23},"end":{"line":31,"column":47}},"11":{"start":{"line":32,"column":29},"end":{"line":32,"column":75}},"12":{"start":{"line":33,"column":28},"end":{"line":33,"column":43}},"13":{"start":{"line":34,"column":30},"end":{"line":34,"column":60}},"14":{"start":{"line":35,"column":8},"end":{"line":35,"column":33}},"15":{"start":{"line":36,"column":31},"end":{"line":38,"column":10}},"16":{"start":{"line":40,"column":8},"end":{"line":40,"column":65}},"17":{"start":{"line":41,"column":8},"end":{"line":41,"column":32}},"18":{"start":{"line":42,"column":8},"end":{"line":42,"column":15}},"19":{"start":{"line":46,"column":0},"end":{"line":46,"column":27}}},"fnMap":{"0":{"name":"getAll","decl":{"start":{"line":5,"column":27},"end":{"line":5,"column":33}},"loc":{"start":{"line":5,"column":36},"end":{"line":27,"column":5}},"line":5},"1":{"name":"addUserToDocument","decl":{"start":{"line":28,"column":38},"end":{"line":28,"column":55}},"loc":{"start":{"line":28,"column":67},"end":{"line":43,"column":5}},"line":28}},"branchMap":{},"s":{"0":1,"1":1,"2":1,"3":1,"4":1,"5":1,"6":1,"7":0,"8":1,"9":1,"10":1,"11":1,"12":1,"13":1,"14":1,"15":1,"16":1,"17":1,"18":1,"19":1},"f":{"0":1,"1":1},"b":{},"_coverageSchema":"1a1c01bbd47fc00a2c39e90264f33305004495a9","hash":"651db5847219425a0e8c24791d311a8774812fcc"}
,"/Users/andreas/dbwebb-kurser/jsramverk/editor/jsramverk-editor-backend/models/email.js": {"path":"/Users/andreas/dbwebb-kurser/jsramverk/editor/jsramverk-editor-backend/models/email.js","statementMap":{"0":{"start":{"line":1,"column":15},"end":{"line":1,"column":40}},"1":{"start":{"line":2,"column":0},"end":{"line":2,"column":27}},"2":{"start":{"line":3,"column":0},"end":{"line":3,"column":46}},"3":{"start":{"line":5,"column":14},"end":{"line":25,"column":1}},"4":{"start":{"line":8,"column":20},"end":{"line":14,"column":11}},"5":{"start":{"line":15,"column":10},"end":{"line":22,"column":14}},"6":{"start":{"line":18,"column":14},"end":{"line":18,"column":35}},"7":{"start":{"line":21,"column":14},"end":{"line":21,"column":28}},"8":{"start":{"line":23,"column":8},"end":{"line":23,"column":22}},"9":{"start":{"line":27,"column":0},"end":{"line":27,"column":23}}},"fnMap":{"0":{"name":"sendEmail","decl":{"start":{"line":6,"column":30},"end":{"line":6,"column":39}},"loc":{"start":{"line":6,"column":60},"end":{"line":24,"column":5}},"line":6},"1":{"name":"(anonymous_1)","decl":{"start":{"line":17,"column":18},"end":{"line":17,"column":19}},"loc":{"start":{"line":17,"column":24},"end":{"line":19,"column":13}},"line":17},"2":{"name":"(anonymous_2)","decl":{"start":{"line":20,"column":19},"end":{"line":20,"column":20}},"loc":{"start":{"line":20,"column":30},"end":{"line":22,"column":13}},"line":20}},"branchMap":{},"s":{"0":1,"1":1,"2":1,"3":1,"4":0,"5":0,"6":0,"7":0,"8":0,"9":1},"f":{"0":0,"1":0,"2":0},"b":{},"_coverageSchema":"1a1c01bbd47fc00a2c39e90264f33305004495a9","hash":"1546a2eea6c2614fdc6447319f84ee28f20828d8"}
,"/Users/andreas/dbwebb-kurser/jsramverk/editor/jsramverk-editor-backend/models/users.js": {"path":"/Users/andreas/dbwebb-kurser/jsramverk/editor/jsramverk-editor-backend/models/users.js","statementMap":{"0":{"start":{"line":1,"column":17},"end":{"line":1,"column":41}},"1":{"start":{"line":3,"column":14},"end":{"line":27,"column":1}},"2":{"start":{"line":7,"column":8},"end":{"line":25,"column":9}},"3":{"start":{"line":8,"column":12},"end":{"line":8,"column":40}},"4":{"start":{"line":10,"column":25},"end":{"line":10,"column":68}},"5":{"start":{"line":12,"column":12},"end":{"line":12,"column":26}},"6":{"start":{"line":15,"column":12},"end":{"line":22,"column":14}},"7":{"start":{"line":24,"column":12},"end":{"line":24,"column":36}},"8":{"start":{"line":29,"column":0},"end":{"line":29,"column":23}}},"fnMap":{"0":{"name":"getAll","decl":{"start":{"line":4,"column":27},"end":{"line":4,"column":33}},"loc":{"start":{"line":4,"column":36},"end":{"line":26,"column":5}},"line":4}},"branchMap":{},"s":{"0":1,"1":1,"2":1,"3":1,"4":1,"5":1,"6":0,"7":1,"8":1},"f":{"0":1},"b":{},"_coverageSchema":"1a1c01bbd47fc00a2c39e90264f33305004495a9","hash":"64bc1735856cd24827b3d5cf46cd9ca641758c75"}
,"/Users/andreas/dbwebb-kurser/jsramverk/editor/jsramverk-editor-backend/routes/auth.js": {"path":"/Users/andreas/dbwebb-kurser/jsramverk/editor/jsramverk-editor-backend/routes/auth.js","statementMap":{"0":{"start":{"line":3,"column":14},"end":{"line":3,"column":32}},"1":{"start":{"line":4,"column":17},"end":{"line":4,"column":46}},"2":{"start":{"line":5,"column":18},"end":{"line":5,"column":44}},"3":{"start":{"line":6,"column":13},"end":{"line":6,"column":29}},"4":{"start":{"line":9,"column":12},"end":{"line":9,"column":35}},"5":{"start":{"line":10,"column":15},"end":{"line":10,"column":37}},"6":{"start":{"line":11,"column":15},"end":{"line":11,"column":34}},"7":{"start":{"line":12,"column":19},"end":{"line":12,"column":21}},"8":{"start":{"line":15,"column":0},"end":{"line":40,"column":3}},"9":{"start":{"line":17,"column":4},"end":{"line":39,"column":9}},"10":{"start":{"line":18,"column":19},"end":{"line":18,"column":41}},"11":{"start":{"line":19,"column":25},"end":{"line":19,"column":42}},"12":{"start":{"line":20,"column":22},"end":{"line":20,"column":36}},"13":{"start":{"line":22,"column":8},"end":{"line":22,"column":75}},"14":{"start":{"line":23,"column":8},"end":{"line":25,"column":9}},"15":{"start":{"line":24,"column":12},"end":{"line":24,"column":59}},"16":{"start":{"line":29,"column":8},"end":{"line":38,"column":11}},"17":{"start":{"line":30,"column":13},"end":{"line":30,"column":35}},"18":{"start":{"line":31,"column":13},"end":{"line":34,"column":13}},"19":{"start":{"line":35,"column":12},"end":{"line":35,"column":56}},"20":{"start":{"line":36,"column":12},"end":{"line":36,"column":36}},"21":{"start":{"line":37,"column":12},"end":{"line":37,"column":55}},"22":{"start":{"line":43,"column":0},"end":{"line":71,"column":3}},"23":{"start":{"line":45,"column":4},"end":{"line":69,"column":9}},"24":{"start":{"line":46,"column":19},"end":{"line":46,"column":41}},"25":{"start":{"line":47,"column":25},"end":{"line":47,"column":42}},"26":{"start":{"line":48,"column":22},"end":{"line":48,"column":36}},"27":{"start":{"line":50,"column":8},"end":{"line":50,"column":75}},"28":{"start":{"line":51,"column":8},"end":{"line":67,"column":9}},"29":{"start":{"line":52,"column":12},"end":{"line":52,"column":60}},"30":{"start":{"line":53,"column":12},"end":{"line":53,"column":36}},"31":{"start":{"line":55,"column":23},"end":{"line":55,"column":44}},"32":{"start":{"line":56,"column":12},"end":{"line":65,"column":15}},"33":{"start":{"line":57,"column":16},"end":{"line":63,"column":17}},"34":{"start":{"line":58,"column":36},"end":{"line":58,"column":70}},"35":{"start":{"line":59,"column":34},"end":{"line":59,"column":79}},"36":{"start":{"line":60,"column":20},"end":{"line":60,"column":69}},"37":{"start":{"line":62,"column":20},"end":{"line":62,"column":60}},"38":{"start":{"line":64,"column":16},"end":{"line":64,"column":39}},"39":{"start":{"line":74,"column":0},"end":{"line":85,"column":3}},"40":{"start":{"line":76,"column":4},"end":{"line":83,"column":9}},"41":{"start":{"line":77,"column":20},"end":{"line":77,"column":44}},"42":{"start":{"line":78,"column":25},"end":{"line":78,"column":27}},"43":{"start":{"line":79,"column":8},"end":{"line":81,"column":9}},"44":{"start":{"line":80,"column":12},"end":{"line":80,"column":55}},"45":{"start":{"line":82,"column":8},"end":{"line":82,"column":37}},"46":{"start":{"line":89,"column":0},"end":{"line":89,"column":24}}},"fnMap":{"0":{"name":"(anonymous_0)","decl":{"start":{"line":15,"column":25},"end":{"line":15,"column":26}},"loc":{"start":{"line":15,"column":44},"end":{"line":40,"column":1}},"line":15},"1":{"name":"(anonymous_1)","decl":{"start":{"line":17,"column":5},"end":{"line":17,"column":6}},"loc":{"start":{"line":17,"column":17},"end":{"line":39,"column":5}},"line":17},"2":{"name":"(anonymous_2)","decl":{"start":{"line":29,"column":42},"end":{"line":29,"column":43}},"loc":{"start":{"line":29,"column":62},"end":{"line":38,"column":9}},"line":29},"3":{"name":"(anonymous_3)","decl":{"start":{"line":43,"column":22},"end":{"line":43,"column":23}},"loc":{"start":{"line":43,"column":41},"end":{"line":71,"column":1}},"line":43},"4":{"name":"(anonymous_4)","decl":{"start":{"line":45,"column":5},"end":{"line":45,"column":6}},"loc":{"start":{"line":45,"column":17},"end":{"line":69,"column":5}},"line":45},"5":{"name":"(anonymous_5)","decl":{"start":{"line":56,"column":43},"end":{"line":56,"column":44}},"loc":{"start":{"line":56,"column":64},"end":{"line":65,"column":13}},"line":56},"6":{"name":"(anonymous_6)","decl":{"start":{"line":74,"column":21},"end":{"line":74,"column":22}},"loc":{"start":{"line":74,"column":40},"end":{"line":85,"column":1}},"line":74},"7":{"name":"(anonymous_7)","decl":{"start":{"line":76,"column":5},"end":{"line":76,"column":6}},"loc":{"start":{"line":76,"column":17},"end":{"line":83,"column":5}},"line":76}},"branchMap":{"0":{"loc":{"start":{"line":23,"column":8},"end":{"line":25,"column":9}},"type":"if","locations":[{"start":{"line":23,"column":8},"end":{"line":25,"column":9}},{"start":{},"end":{}}],"line":23},"1":{"loc":{"start":{"line":51,"column":8},"end":{"line":67,"column":9}},"type":"if","locations":[{"start":{"line":51,"column":8},"end":{"line":67,"column":9}},{"start":{"line":54,"column":15},"end":{"line":67,"column":9}}],"line":51},"2":{"loc":{"start":{"line":57,"column":16},"end":{"line":63,"column":17}},"type":"if","locations":[{"start":{"line":57,"column":16},"end":{"line":63,"column":17}},{"start":{"line":61,"column":23},"end":{"line":63,"column":17}}],"line":57}},"s":{"0":1,"1":1,"2":1,"3":1,"4":1,"5":1,"6":1,"7":1,"8":1,"9":2,"10":2,"11":2,"12":2,"13":2,"14":2,"15":0,"16":2,"17":2,"18":2,"19":2,"20":2,"21":2,"22":1,"23":1,"24":1,"25":1,"26":1,"27":1,"28":1,"29":0,"30":0,"31":1,"32":1,"33":1,"34":1,"35":1,"36":1,"37":0,"38":1,"39":1,"40":1,"41":1,"42":1,"43":1,"44":2,"45":1,"46":1},"f":{"0":2,"1":2,"2":2,"3":1,"4":1,"5":1,"6":1,"7":1},"b":{"0":[0,2],"1":[0,1],"2":[1,0]},"_coverageSchema":"1a1c01bbd47fc00a2c39e90264f33305004495a9","hash":"8463546677b263699bbebecb5414405dc90a0436"}
,"/Users/andreas/dbwebb-kurser/jsramverk/editor/jsramverk-editor-backend/routes/docs.js": {"path":"/Users/andreas/dbwebb-kurser/jsramverk/editor/jsramverk-editor-backend/routes/docs.js","statementMap":{"0":{"start":{"line":3,"column":14},"end":{"line":3,"column":32}},"1":{"start":{"line":4,"column":17},"end":{"line":4,"column":46}},"2":{"start":{"line":5,"column":17},"end":{"line":5,"column":47}},"3":{"start":{"line":6,"column":13},"end":{"line":6,"column":29}},"4":{"start":{"line":7,"column":12},"end":{"line":7,"column":35}},"5":{"start":{"line":8,"column":17},"end":{"line":8,"column":44}},"6":{"start":{"line":11,"column":0},"end":{"line":21,"column":2}},"7":{"start":{"line":12,"column":18},"end":{"line":12,"column":47}},"8":{"start":{"line":14,"column":4},"end":{"line":20,"column":7}},"9":{"start":{"line":15,"column":8},"end":{"line":19,"column":9}},"10":{"start":{"line":16,"column":12},"end":{"line":16,"column":26}},"11":{"start":{"line":18,"column":12},"end":{"line":18,"column":19}},"12":{"start":{"line":24,"column":0},"end":{"line":32,"column":3}},"13":{"start":{"line":26,"column":4},"end":{"line":31,"column":9}},"14":{"start":{"line":27,"column":19},"end":{"line":27,"column":41}},"15":{"start":{"line":28,"column":26},"end":{"line":28,"column":66}},"16":{"start":{"line":29,"column":8},"end":{"line":29,"column":32}},"17":{"start":{"line":30,"column":8},"end":{"line":30,"column":35}},"18":{"start":{"line":36,"column":0},"end":{"line":54,"column":3}},"19":{"start":{"line":38,"column":4},"end":{"line":53,"column":9}},"20":{"start":{"line":39,"column":19},"end":{"line":39,"column":41}},"21":{"start":{"line":40,"column":27},"end":{"line":47,"column":9}},"22":{"start":{"line":48,"column":23},"end":{"line":48,"column":68}},"23":{"start":{"line":49,"column":22},"end":{"line":49,"column":39}},"24":{"start":{"line":50,"column":28},"end":{"line":50,"column":81}},"25":{"start":{"line":51,"column":8},"end":{"line":51,"column":32}},"26":{"start":{"line":52,"column":8},"end":{"line":52,"column":30}},"27":{"start":{"line":57,"column":0},"end":{"line":65,"column":3}},"28":{"start":{"line":59,"column":4},"end":{"line":64,"column":9}},"29":{"start":{"line":60,"column":19},"end":{"line":60,"column":41}},"30":{"start":{"line":61,"column":8},"end":{"line":61,"column":45}},"31":{"start":{"line":62,"column":8},"end":{"line":62,"column":32}},"32":{"start":{"line":63,"column":8},"end":{"line":63,"column":39}},"33":{"start":{"line":69,"column":0},"end":{"line":84,"column":3}},"34":{"start":{"line":71,"column":4},"end":{"line":82,"column":9}},"35":{"start":{"line":73,"column":19},"end":{"line":73,"column":41}},"36":{"start":{"line":74,"column":23},"end":{"line":74,"column":57}},"37":{"start":{"line":75,"column":31},"end":{"line":78,"column":10}},"38":{"start":{"line":79,"column":8},"end":{"line":79,"column":65}},"39":{"start":{"line":80,"column":8},"end":{"line":80,"column":32}},"40":{"start":{"line":81,"column":8},"end":{"line":81,"column":26}},"41":{"start":{"line":87,"column":0},"end":{"line":96,"column":3}},"42":{"start":{"line":89,"column":4},"end":{"line":94,"column":9}},"43":{"start":{"line":91,"column":8},"end":{"line":91,"column":67}},"44":{"start":{"line":92,"column":8},"end":{"line":92,"column":26}},"45":{"start":{"line":99,"column":0},"end":{"line":123,"column":3}},"46":{"start":{"line":101,"column":4},"end":{"line":121,"column":9}},"47":{"start":{"line":103,"column":19},"end":{"line":103,"column":41}},"48":{"start":{"line":104,"column":23},"end":{"line":104,"column":56}},"49":{"start":{"line":105,"column":29},"end":{"line":105,"column":75}},"50":{"start":{"line":106,"column":28},"end":{"line":106,"column":43}},"51":{"start":{"line":107,"column":31},"end":{"line":107,"column":33}},"52":{"start":{"line":108,"column":8},"end":{"line":110,"column":9}},"53":{"start":{"line":109,"column":12},"end":{"line":109,"column":69}},"54":{"start":{"line":111,"column":27},"end":{"line":111,"column":80}},"55":{"start":{"line":112,"column":8},"end":{"line":112,"column":42}},"56":{"start":{"line":114,"column":31},"end":{"line":116,"column":10}},"57":{"start":{"line":118,"column":8},"end":{"line":118,"column":65}},"58":{"start":{"line":119,"column":8},"end":{"line":119,"column":32}},"59":{"start":{"line":120,"column":8},"end":{"line":120,"column":26}},"60":{"start":{"line":126,"column":19},"end":{"line":126,"column":21}},"61":{"start":{"line":127,"column":4},"end":{"line":129,"column":5}},"62":{"start":{"line":128,"column":8},"end":{"line":128,"column":34}},"63":{"start":{"line":130,"column":4},"end":{"line":130,"column":19}},"64":{"start":{"line":133,"column":0},"end":{"line":133,"column":24}}},"fnMap":{"0":{"name":"(anonymous_0)","decl":{"start":{"line":11,"column":11},"end":{"line":11,"column":12}},"loc":{"start":{"line":11,"column":29},"end":{"line":21,"column":1}},"line":11},"1":{"name":"(anonymous_1)","decl":{"start":{"line":14,"column":46},"end":{"line":14,"column":47}},"loc":{"start":{"line":14,"column":69},"end":{"line":20,"column":5}},"line":14},"2":{"name":"(anonymous_2)","decl":{"start":{"line":24,"column":16},"end":{"line":24,"column":17}},"loc":{"start":{"line":24,"column":35},"end":{"line":32,"column":1}},"line":24},"3":{"name":"(anonymous_3)","decl":{"start":{"line":26,"column":5},"end":{"line":26,"column":6}},"loc":{"start":{"line":26,"column":17},"end":{"line":31,"column":5}},"line":26},"4":{"name":"(anonymous_4)","decl":{"start":{"line":36,"column":23},"end":{"line":36,"column":24}},"loc":{"start":{"line":36,"column":42},"end":{"line":54,"column":1}},"line":36},"5":{"name":"(anonymous_5)","decl":{"start":{"line":38,"column":5},"end":{"line":38,"column":6}},"loc":{"start":{"line":38,"column":17},"end":{"line":53,"column":5}},"line":38},"6":{"name":"(anonymous_6)","decl":{"start":{"line":57,"column":26},"end":{"line":57,"column":27}},"loc":{"start":{"line":57,"column":51},"end":{"line":65,"column":1}},"line":57},"7":{"name":"(anonymous_7)","decl":{"start":{"line":59,"column":5},"end":{"line":59,"column":6}},"loc":{"start":{"line":59,"column":17},"end":{"line":64,"column":5}},"line":59},"8":{"name":"(anonymous_8)","decl":{"start":{"line":69,"column":21},"end":{"line":69,"column":22}},"loc":{"start":{"line":69,"column":40},"end":{"line":84,"column":1}},"line":69},"9":{"name":"(anonymous_9)","decl":{"start":{"line":71,"column":5},"end":{"line":71,"column":6}},"loc":{"start":{"line":71,"column":17},"end":{"line":82,"column":5}},"line":71},"10":{"name":"(anonymous_10)","decl":{"start":{"line":87,"column":24},"end":{"line":87,"column":25}},"loc":{"start":{"line":87,"column":43},"end":{"line":96,"column":1}},"line":87},"11":{"name":"(anonymous_11)","decl":{"start":{"line":89,"column":5},"end":{"line":89,"column":6}},"loc":{"start":{"line":89,"column":17},"end":{"line":94,"column":5}},"line":89},"12":{"name":"(anonymous_12)","decl":{"start":{"line":99,"column":27},"end":{"line":99,"column":28}},"loc":{"start":{"line":99,"column":46},"end":{"line":123,"column":1}},"line":99},"13":{"name":"(anonymous_13)","decl":{"start":{"line":101,"column":5},"end":{"line":101,"column":6}},"loc":{"start":{"line":101,"column":17},"end":{"line":121,"column":5}},"line":101},"14":{"name":"copyObjectArray","decl":{"start":{"line":125,"column":9},"end":{"line":125,"column":24}},"loc":{"start":{"line":125,"column":29},"end":{"line":131,"column":1}},"line":125}},"branchMap":{"0":{"loc":{"start":{"line":15,"column":8},"end":{"line":19,"column":9}},"type":"if","locations":[{"start":{"line":15,"column":8},"end":{"line":19,"column":9}},{"start":{"line":17,"column":15},"end":{"line":19,"column":9}}],"line":15},"1":{"loc":{"start":{"line":108,"column":8},"end":{"line":110,"column":9}},"type":"if","locations":[{"start":{"line":108,"column":8},"end":{"line":110,"column":9}},{"start":{},"end":{}}],"line":108}},"s":{"0":1,"1":1,"2":1,"3":1,"4":1,"5":1,"6":1,"7":5,"8":5,"9":5,"10":0,"11":5,"12":1,"13":0,"14":0,"15":0,"16":0,"17":0,"18":1,"19":1,"20":1,"21":1,"22":1,"23":1,"24":1,"25":1,"26":1,"27":1,"28":1,"29":1,"30":1,"31":1,"32":1,"33":1,"34":1,"35":1,"36":1,"37":1,"38":1,"39":1,"40":1,"41":1,"42":1,"43":1,"44":1,"45":1,"46":1,"47":1,"48":1,"49":1,"50":1,"51":1,"52":1,"53":0,"54":1,"55":1,"56":1,"57":1,"58":1,"59":1,"60":0,"61":0,"62":0,"63":0,"64":1},"f":{"0":5,"1":5,"2":0,"3":0,"4":1,"5":1,"6":1,"7":1,"8":1,"9":1,"10":1,"11":1,"12":1,"13":1,"14":0},"b":{"0":[0,5],"1":[0,1]},"_coverageSchema":"1a1c01bbd47fc00a2c39e90264f33305004495a9","hash":"37768e9a53811c0b59b11d69020ea01c24450740"}
,"/Users/andreas/dbwebb-kurser/jsramverk/editor/jsramverk-editor-backend/routes/email.js": {"path":"/Users/andreas/dbwebb-kurser/jsramverk/editor/jsramverk-editor-backend/routes/email.js","statementMap":{"0":{"start":{"line":2,"column":14},"end":{"line":2,"column":32}},"1":{"start":{"line":3,"column":19},"end":{"line":3,"column":45}},"2":{"start":{"line":4,"column":13},"end":{"line":4,"column":29}},"3":{"start":{"line":5,"column":12},"end":{"line":5,"column":35}},"4":{"start":{"line":8,"column":0},"end":{"line":17,"column":2}},"5":{"start":{"line":9,"column":18},"end":{"line":9,"column":47}},"6":{"start":{"line":10,"column":4},"end":{"line":16,"column":7}},"7":{"start":{"line":11,"column":8},"end":{"line":15,"column":9}},"8":{"start":{"line":12,"column":12},"end":{"line":12,"column":28}},"9":{"start":{"line":14,"column":12},"end":{"line":14,"column":19}},"10":{"start":{"line":20,"column":0},"end":{"line":25,"column":3}},"11":{"start":{"line":21,"column":18},"end":{"line":21,"column":32}},"12":{"start":{"line":22,"column":15},"end":{"line":22,"column":26}},"13":{"start":{"line":23,"column":17},"end":{"line":23,"column":30}},"14":{"start":{"line":24,"column":19},"end":{"line":24,"column":54}},"15":{"start":{"line":26,"column":0},"end":{"line":26,"column":24}}},"fnMap":{"0":{"name":"(anonymous_0)","decl":{"start":{"line":8,"column":11},"end":{"line":8,"column":12}},"loc":{"start":{"line":8,"column":29},"end":{"line":17,"column":1}},"line":8},"1":{"name":"(anonymous_1)","decl":{"start":{"line":10,"column":46},"end":{"line":10,"column":47}},"loc":{"start":{"line":10,"column":69},"end":{"line":16,"column":5}},"line":10},"2":{"name":"(anonymous_2)","decl":{"start":{"line":20,"column":21},"end":{"line":20,"column":22}},"loc":{"start":{"line":20,"column":40},"end":{"line":25,"column":1}},"line":20}},"branchMap":{"0":{"loc":{"start":{"line":11,"column":8},"end":{"line":15,"column":9}},"type":"if","locations":[{"start":{"line":11,"column":8},"end":{"line":15,"column":9}},{"start":{"line":13,"column":15},"end":{"line":15,"column":9}}],"line":11}},"s":{"0":1,"1":1,"2":1,"3":1,"4":1,"5":0,"6":0,"7":0,"8":0,"9":0,"10":1,"11":0,"12":0,"13":0,"14":0,"15":1},"f":{"0":0,"1":0,"2":0},"b":{"0":[0,0]},"_coverageSchema":"1a1c01bbd47fc00a2c39e90264f33305004495a9","hash":"073bb01580a098902a1b2f41d0325974fcbb9a0a"}
,"/Users/andreas/dbwebb-kurser/jsramverk/editor/jsramverk-editor-backend/routes/index.js": {"path":"/Users/andreas/dbwebb-kurser/jsramverk/editor/jsramverk-editor-backend/routes/index.js","statementMap":{"0":{"start":{"line":1,"column":14},"end":{"line":1,"column":32}},"1":{"start":{"line":2,"column":13},"end":{"line":2,"column":29}},"2":{"start":{"line":4,"column":0},"end":{"line":6,"column":3}},"3":{"start":{"line":5,"column":4},"end":{"line":5,"column":41}},"4":{"start":{"line":8,"column":0},"end":{"line":8,"column":24}}},"fnMap":{"0":{"name":"(anonymous_0)","decl":{"start":{"line":4,"column":16},"end":{"line":4,"column":17}},"loc":{"start":{"line":4,"column":31},"end":{"line":6,"column":1}},"line":4}},"branchMap":{},"s":{"0":1,"1":1,"2":1,"3":0,"4":1},"f":{"0":0},"b":{},"_coverageSchema":"1a1c01bbd47fc00a2c39e90264f33305004495a9","hash":"31bc52c4bc9632cb02c7f2ab06708cc69b9d38e3"}
}
