TN:
SF:app.js
FN:39,(anonymous_0)
FN:41,(anonymous_1)
FN:68,(anonymous_2)
FN:70,(anonymous_3)
FN:75,(anonymous_4)
FN:92,(anonymous_5)
FN:100,(anonymous_6)
FN:106,(anonymous_7)
FNF:8
FNH:3
FNDA:1,(anonymous_0)
FNDA:1,(anonymous_1)
FNDA:0,(anonymous_2)
FNDA:0,(anonymous_3)
FNDA:0,(anonymous_4)
FNDA:1,(anonymous_5)
FNDA:0,(anonymous_6)
FNDA:0,(anonymous_7)
DA:1,1
DA:2,1
DA:3,1
DA:4,1
DA:5,1
DA:8,1
DA:9,1
DA:10,1
DA:11,1
DA:12,1
DA:18,1
DA:19,1
DA:21,1
DA:22,1
DA:26,1
DA:27,1
DA:28,1
DA:29,1
DA:31,1
DA:32,1
DA:33,1
DA:34,1
DA:39,1
DA:40,1
DA:41,1
DA:42,1
DA:43,0
DA:45,1
DA:49,1
DA:56,1
DA:58,1
DA:68,1
DA:69,0
DA:70,0
DA:71,0
DA:72,0
DA:73,0
DA:74,0
DA:75,0
DA:76,0
DA:77,0
DA:78,0
DA:85,1
DA:87,0
DA:92,1
DA:100,1
DA:101,0
DA:102,0
DA:103,0
DA:106,1
DA:107,0
DA:108,0
DA:111,0
DA:122,1
LF:54
LH:36
BRDA:19,0,0,1
BRDA:19,0,1,1
BRDA:42,1,0,0
BRDA:42,1,1,1
BRDA:85,2,0,0
BRDA:85,2,1,1
BRDA:107,3,0,0
BRDA:107,3,1,0
BRDA:111,4,0,0
BRDA:111,4,1,0
BRF:10
BRH:4
end_of_record
TN:
SF:graphql/document.js
FN:12,(anonymous_0)
FN:31,(anonymous_1)
FNF:2
FNH:2
FNDA:1,(anonymous_0)
FNDA:1,(anonymous_1)
DA:7,1
DA:9,1
DA:12,1
DA:28,1
DA:31,1
DA:37,1
LF:6
LH:6
BRF:0
BRH:0
end_of_record
TN:
SF:graphql/root.js
FN:18,(anonymous_0)
FN:26,(anonymous_1)
FN:29,(anonymous_2)
FN:36,(anonymous_3)
FN:47,(anonymous_4)
FN:66,(anonymous_5)
FN:69,(anonymous_6)
FN:76,(anonymous_7)
FNF:8
FNH:2
FNDA:1,(anonymous_0)
FNDA:0,(anonymous_1)
FNDA:0,(anonymous_2)
FNDA:1,(anonymous_3)
FNDA:0,(anonymous_4)
FNDA:0,(anonymous_5)
FNDA:0,(anonymous_6)
FNDA:0,(anonymous_7)
DA:7,1
DA:9,1
DA:10,1
DA:12,1
DA:13,1
DA:15,1
DA:18,1
DA:27,0
DA:29,0
DA:37,1
DA:48,0
DA:49,0
DA:50,0
DA:51,0
DA:52,0
DA:56,0
DA:67,0
DA:69,0
DA:77,0
DA:83,1
LF:20
LH:9
BRDA:51,0,0,0
BRDA:51,0,1,0
BRF:2
BRH:0
end_of_record
TN:
SF:graphql/user.js
FN:10,(anonymous_0)
FNF:1
FNH:1
FNDA:1,(anonymous_0)
DA:5,1
DA:7,1
DA:10,1
DA:16,1
LF:4
LH:4
BRF:0
BRH:0
end_of_record
TN:
SF:models/database.js
FN:12,getDb
FNF:1
FNH:1
FNDA:7,getDb
DA:1,1
DA:2,1
DA:8,1
DA:11,1
DA:13,7
DA:15,7
DA:16,0
DA:17,7
DA:18,7
DA:21,7
DA:26,7
DA:27,7
DA:28,7
DA:30,7
DA:39,1
LF:15
LH:14
BRDA:15,0,0,0
BRDA:15,0,1,7
BRDA:17,1,0,7
BRDA:17,1,1,0
BRF:4
BRH:2
end_of_record
TN:
SF:models/documents.js
FN:4,getAll
FN:27,addUserToDocument
FNF:2
FNH:1
FNDA:1,getAll
FNDA:0,addUserToDocument
DA:1,1
DA:3,1
DA:7,1
DA:8,1
DA:10,1
DA:12,1
DA:15,0
DA:24,1
DA:29,0
DA:30,0
DA:31,0
DA:32,0
DA:33,0
DA:34,0
DA:35,0
DA:39,0
DA:40,0
DA:41,0
DA:45,1
LF:19
LH:8
BRF:0
BRH:0
end_of_record
TN:
SF:models/email.js
FN:6,sendEmail
FN:17,(anonymous_1)
FN:20,(anonymous_2)
FNF:3
FNH:0
FNDA:0,sendEmail
FNDA:0,(anonymous_1)
FNDA:0,(anonymous_2)
DA:1,1
DA:2,1
DA:3,1
DA:5,1
DA:8,0
DA:15,0
DA:18,0
DA:21,0
DA:23,0
DA:27,1
LF:10
LH:5
BRF:0
BRH:0
end_of_record
TN:
SF:models/users.js
FN:4,getAll
FNF:1
FNH:0
FNDA:0,getAll
DA:1,1
DA:3,1
DA:7,0
DA:8,0
DA:10,0
DA:12,0
DA:15,0
DA:24,0
DA:29,1
LF:9
LH:3
BRF:0
BRH:0
end_of_record
TN:
SF:routes/auth.js
FN:14,(anonymous_0)
FN:16,(anonymous_1)
FN:28,(anonymous_2)
FN:42,(anonymous_3)
FN:44,(anonymous_4)
FN:55,(anonymous_5)
FN:73,(anonymous_6)
FN:75,(anonymous_7)
FNF:8
FNH:6
FNDA:1,(anonymous_0)
FNDA:1,(anonymous_1)
FNDA:1,(anonymous_2)
FNDA:1,(anonymous_3)
FNDA:1,(anonymous_4)
FNDA:1,(anonymous_5)
FNDA:0,(anonymous_6)
FNDA:0,(anonymous_7)
DA:3,1
DA:4,1
DA:5,1
DA:8,1
DA:9,1
DA:10,1
DA:11,1
DA:14,1
DA:16,1
DA:17,1
DA:18,1
DA:19,1
DA:21,1
DA:22,1
DA:23,0
DA:28,1
DA:29,1
DA:30,1
DA:34,1
DA:35,1
DA:36,1
DA:42,1
DA:44,1
DA:45,1
DA:46,1
DA:47,1
DA:49,1
DA:50,1
DA:51,0
DA:52,0
DA:54,1
DA:55,1
DA:56,1
DA:57,1
DA:58,1
DA:59,1
DA:61,0
DA:63,1
DA:73,1
DA:75,0
DA:76,0
DA:77,0
DA:78,0
DA:79,0
DA:80,0
DA:81,0
DA:83,0
DA:91,1
LF:48
LH:36
BRDA:22,0,0,0
BRDA:22,0,1,1
BRDA:50,1,0,0
BRDA:50,1,1,1
BRDA:56,2,0,1
BRDA:56,2,1,0
BRF:6
BRH:3
end_of_record
TN:
SF:routes/docs.js
FN:10,(anonymous_0)
FN:13,(anonymous_1)
FN:23,(anonymous_2)
FN:25,(anonymous_3)
FN:35,(anonymous_4)
FN:37,(anonymous_5)
FN:56,(anonymous_6)
FN:58,(anonymous_7)
FN:68,(anonymous_8)
FN:70,(anonymous_9)
FN:86,(anonymous_10)
FN:88,(anonymous_11)
FN:110,(anonymous_12)
FN:112,(anonymous_13)
FN:136,copyObjectArray
FNF:15
FNH:8
FNDA:3,(anonymous_0)
FNDA:3,(anonymous_1)
FNDA:0,(anonymous_2)
FNDA:0,(anonymous_3)
FNDA:1,(anonymous_4)
FNDA:1,(anonymous_5)
FNDA:1,(anonymous_6)
FNDA:1,(anonymous_7)
FNDA:0,(anonymous_8)
FNDA:0,(anonymous_9)
FNDA:1,(anonymous_10)
FNDA:1,(anonymous_11)
FNDA:0,(anonymous_12)
FNDA:0,(anonymous_13)
FNDA:0,copyObjectArray
DA:3,1
DA:4,1
DA:5,1
DA:6,1
DA:7,1
DA:10,1
DA:11,3
DA:13,3
DA:14,3
DA:15,0
DA:17,3
DA:23,1
DA:25,0
DA:26,0
DA:27,0
DA:28,0
DA:29,0
DA:35,1
DA:37,1
DA:38,1
DA:39,1
DA:47,1
DA:48,1
DA:49,1
DA:50,1
DA:51,1
DA:56,1
DA:58,1
DA:59,1
DA:60,1
DA:61,1
DA:62,1
DA:68,1
DA:70,0
DA:72,0
DA:73,0
DA:74,0
DA:78,0
DA:79,0
DA:80,0
DA:86,1
DA:88,1
DA:90,1
DA:91,1
DA:92,1
DA:93,1
DA:94,1
DA:95,1
DA:96,1
DA:98,1
DA:102,1
DA:103,1
DA:104,1
DA:110,1
DA:112,0
DA:114,0
DA:115,0
DA:116,0
DA:117,0
DA:118,0
DA:119,0
DA:120,0
DA:122,0
DA:123,0
DA:125,0
DA:129,0
DA:130,0
DA:131,0
DA:137,0
DA:138,0
DA:139,0
DA:140,0
DA:142,0
DA:143,0
DA:146,1
LF:75
LH:42
BRDA:14,0,0,0
BRDA:14,0,1,3
BRDA:119,1,0,0
BRDA:119,1,1,0
BRF:4
BRH:1
end_of_record
TN:
SF:routes/email.js
FN:8,(anonymous_0)
FN:10,(anonymous_1)
FN:20,(anonymous_2)
FNF:3
FNH:0
FNDA:0,(anonymous_0)
FNDA:0,(anonymous_1)
FNDA:0,(anonymous_2)
DA:2,1
DA:3,1
DA:4,1
DA:5,1
DA:8,1
DA:9,0
DA:10,0
DA:11,0
DA:12,0
DA:14,0
DA:20,1
DA:21,0
DA:22,0
DA:23,0
DA:24,0
DA:26,1
LF:16
LH:7
BRDA:11,0,0,0
BRDA:11,0,1,0
BRF:2
BRH:0
end_of_record
TN:
SF:routes/index.js
FN:4,(anonymous_0)
FNF:1
FNH:0
FNDA:0,(anonymous_0)
DA:1,1
DA:2,1
DA:4,1
DA:5,0
DA:8,1
LF:5
LH:4
BRF:0
BRH:0
end_of_record
